<?xml version="1.0" encoding="UTF-8"?>
<!-- Generated by org.testng.reporters.JUnitXMLReporter -->
<testsuite ignored="3" hostname="BhanuPratap-PC" failures="0" tests="1" name="Default test" time="8.419" errors="0" timestamp="2024-04-16T13:23:43 IST">
  <testcase classname="PageObjectsTest.HomeTest" name="findlinks" time="4.036"/>
  <testcase classname="PageObjectsTest.HomeTest" name="validatelist" time="0.0">
    <ignored/>
  </testcase> <!-- validatelist -->
  <testcase classname="PageObjectsTest.HomeTest" name="findTotallists" time="0.0">
    <ignored/>
  </testcase> <!-- findTotallists -->
  <testcase classname="PageObjectsTest.HomeTest" name="findimages" time="0.0">
    <ignored/>
  </testcase> <!-- findimages -->
</testsuite> <!-- Default test -->
