<?xml version="1.0" encoding="UTF-8"?>
<testng-results ignored="0" total="1" passed="1" failed="0" skipped="0">
  <reporter-output>
  </reporter-output>
  <suite started-at="2024-04-16T13:23:35 IST" name="Default suite" finished-at="2024-04-16T13:23:43 IST" duration-ms="8419">
    <groups>
    </groups>
    <test started-at="2024-04-16T13:23:35 IST" name="Default test" finished-at="2024-04-16T13:23:43 IST" duration-ms="8419">
      <class name="PageObjectsTest.HomeTest">
        <test-method is-config="true" signature="launchApp()[pri:0, instance:PageObjectsTest.HomeTest@662ac478]" started-at="2024-04-16T13:23:35 IST" name="launchApp" finished-at="2024-04-16T13:23:39 IST" duration-ms="4014" status="PASS">
          <reporter-output>
          </reporter-output>
        </test-method> <!-- launchApp -->
        <test-method is-config="true" signature="LaunchApp()[pri:0, instance:PageObjectsTest.HomeTest@662ac478]" started-at="2024-04-16T13:23:39 IST" name="LaunchApp" finished-at="2024-04-16T13:23:39 IST" depends-on-methods="BaseClass.BaseClass.launchApp" duration-ms="1" status="PASS">
          <reporter-output>
          </reporter-output>
        </test-method> <!-- LaunchApp -->
        <test-method signature="findlinks()[pri:0, instance:PageObjectsTest.HomeTest@662ac478]" started-at="2024-04-16T13:23:39 IST" name="findlinks" finished-at="2024-04-16T13:23:43 IST" duration-ms="4036" status="PASS">
          <reporter-output>
          </reporter-output>
        </test-method> <!-- findlinks -->
        <test-method is-config="true" signature="TearDown()[pri:0, instance:PageObjectsTest.HomeTest@662ac478]" started-at="2024-04-16T13:23:43 IST" name="TearDown" finished-at="2024-04-16T13:23:43 IST" duration-ms="327" status="PASS">
          <reporter-output>
          </reporter-output>
        </test-method> <!-- TearDown -->
      </class> <!-- PageObjectsTest.HomeTest -->
    </test> <!-- Default test -->
  </suite> <!-- Default suite -->
</testng-results>
