<?xml version="1.0" encoding="UTF-8"?>
<testng-results ignored="0" total="1" passed="1" failed="0" skipped="0">
  <reporter-output>
  </reporter-output>
  <suite started-at="2024-02-23T15:48:49 IST" name="Default suite" finished-at="2024-02-23T15:50:10 IST" duration-ms="80800">
    <groups>
    </groups>
    <test started-at="2024-02-23T15:48:49 IST" name="Default test" finished-at="2024-02-23T15:50:10 IST" duration-ms="80800">
      <class name="TestCases.RegisterPageTest">
        <test-method is-config="true" signature="Setup()[pri:0, instance:TestCases.RegisterPageTest@327514f]" started-at="2024-02-23T15:48:49 IST" name="Setup" finished-at="2024-02-23T15:49:04 IST" duration-ms="14815" status="PASS">
          <reporter-output>
          </reporter-output>
        </test-method> <!-- Setup -->
        <test-method is-config="true" signature="SetUp()[pri:0, instance:TestCases.RegisterPageTest@327514f]" started-at="2024-02-23T15:49:04 IST" name="SetUp" finished-at="2024-02-23T15:49:09 IST" depends-on-methods="Base.BaseClass.Setup" duration-ms="5013" status="PASS">
          <reporter-output>
          </reporter-output>
        </test-method> <!-- SetUp -->
        <test-method signature="Registration()[pri:0, instance:TestCases.RegisterPageTest@327514f]" started-at="2024-02-23T15:49:09 IST" name="Registration" finished-at="2024-02-23T15:50:09 IST" duration-ms="60279" status="PASS">
          <reporter-output>
          </reporter-output>
        </test-method> <!-- Registration -->
        <test-method is-config="true" signature="TearDown()[pri:0, instance:TestCases.RegisterPageTest@327514f]" started-at="2024-02-23T15:50:09 IST" name="TearDown" finished-at="2024-02-23T15:50:10 IST" duration-ms="655" status="PASS">
          <reporter-output>
          </reporter-output>
        </test-method> <!-- TearDown -->
      </class> <!-- TestCases.RegisterPageTest -->
    </test> <!-- Default test -->
  </suite> <!-- Default suite -->
</testng-results>
